<?xml version="1.0" encoding="UTF-8"?>
<testng-results skipped="0" failed="0" ignored="0" total="4" passed="4">
  <reporter-output>
  </reporter-output>
  <suite name="Default suite" duration-ms="110" started-at="2019-04-03T17:56:21Z" finished-at="2019-04-03T17:56:21Z">
    <groups>
    </groups>
    <test name="Default test" duration-ms="110" started-at="2019-04-03T17:56:21Z" finished-at="2019-04-03T17:56:21Z">
      <class name="com.testpackage.DemoTest">
        <test-method status="PASS" signature="div()[pri:0, instance:com.testpackage.DemoTest@193948d]" name="div" duration-ms="46" started-at="2019-04-03T17:56:21Z" finished-at="2019-04-03T17:56:21Z">
          <reporter-output>
          </reporter-output>
        </test-method> <!-- div -->
        <test-method status="PASS" signature="mul()[pri:0, instance:com.testpackage.DemoTest@193948d]" name="mul" duration-ms="2" started-at="2019-04-03T17:56:21Z" finished-at="2019-04-03T17:56:21Z">
          <reporter-output>
          </reporter-output>
        </test-method> <!-- mul -->
        <test-method status="PASS" signature="sub()[pri:0, instance:com.testpackage.DemoTest@193948d]" name="sub" duration-ms="2" started-at="2019-04-03T17:56:21Z" finished-at="2019-04-03T17:56:21Z">
          <reporter-output>
          </reporter-output>
        </test-method> <!-- sub -->
        <test-method status="PASS" signature="sum()[pri:0, instance:com.testpackage.DemoTest@193948d]" name="sum" duration-ms="2" started-at="2019-04-03T17:56:21Z" finished-at="2019-04-03T17:56:21Z">
          <reporter-output>
          </reporter-output>
        </test-method> <!-- sum -->
      </class> <!-- com.testpackage.DemoTest -->
    </test> <!-- Default test -->
  </suite> <!-- Default suite -->
</testng-results>
