<?xml version="1.0" encoding="UTF-8"?>
<!-- Generated by org.testng.reporters.JUnitXMLReporter -->
<testsuite hostname="Dell-PC" ignored="0" name="Test Maven Testing" tests="12" failures="0" timestamp="03 Apr 2019 18:45:36 GMT" time="0.047" errors="0">
  <testcase name="div" time="0.011" classname="com.testpackage.DemoTest"/>
  <testcase name="mul" time="0.0" classname="com.testpackage.DemoTest"/>
  <testcase name="sub" time="0.0" classname="com.testpackage.DemoTest"/>
  <testcase name="sum" time="0.001" classname="com.testpackage.DemoTest"/>
  <testcase name="div" time="0.001" classname="com.testpackage.DemoTest2"/>
  <testcase name="mul" time="0.0" classname="com.testpackage.DemoTest2"/>
  <testcase name="sub" time="0.0" classname="com.testpackage.DemoTest2"/>
  <testcase name="sum" time="0.0" classname="com.testpackage.DemoTest2"/>
  <testcase name="div" time="0.0" classname="com.testpackage.DemoTest3"/>
  <testcase name="mul" time="0.0" classname="com.testpackage.DemoTest3"/>
  <testcase name="sub" time="0.0" classname="com.testpackage.DemoTest3"/>
  <testcase name="sum" time="0.0" classname="com.testpackage.DemoTest3"/>
</testsuite> <!-- Test Maven Testing -->
