<?xml version="1.0" encoding="UTF-8"?>
<!-- Generated by org.testng.reporters.JUnitXMLReporter -->
<testsuite hostname="Dell-PC" ignored="0" name="Command line test" tests="4" failures="0" timestamp="03 Apr 2019 18:11:49 GMT" time="0.043" errors="0">
  <testcase name="div" time="0.01" classname="com.testpackage.DemoTest"/>
  <testcase name="mul" time="0.0" classname="com.testpackage.DemoTest"/>
  <testcase name="sub" time="0.0" classname="com.testpackage.DemoTest"/>
  <testcase name="sum" time="0.0" classname="com.testpackage.DemoTest"/>
</testsuite> <!-- Command line test -->
